\BOOKMARK [1][-]{section*.1}{\376\377\136\217\212\000}{}% 1
\BOOKMARK [1][-]{section*.2}{\376\377\126\375\154\021\176\317\155\116\133\146\142\171\122\044\131\047\176\262}{}% 2
\BOOKMARK [2][-]{subsection*.3}{\376\377\0001\000.\123\237\145\207}{section*.2}% 3
\BOOKMARK [2][-]{subsection*.4}{\376\377\0002\000.\173\024\213\260}{section*.2}% 4
\BOOKMARK [1][-]{section*.5}{\376\377\0001\0008\0004\0004\136\164\176\317\155\116\133\146\124\362\133\146\142\113\172\077}{}% 5
\BOOKMARK [2][-]{subsection*.6}{\376\377\0001\000.\123\237\145\207\202\202\220\011}{section*.5}% 6
\BOOKMARK [3][-]{subsubsection*.7}{\376\377\171\301\147\011\215\042\116\247\166\204\121\163\174\373}{subsection*.6}% 7
\BOOKMARK [3][-]{subsubsection*.8}{\376\377\126\375\154\021\176\317\155\116\133\146\116\055\123\315\146\040\166\204\171\301\147\011\215\042\116\247\166\204\147\054\215\050}{subsection*.6}% 8
\BOOKMARK [3][-]{subsubsection*.9}{\376\377\121\161\116\247\116\073\116\111}{subsection*.6}% 9
\BOOKMARK [3][-]{subsubsection*.10}{\376\377\133\371\236\321\150\074\134\024\166\204\217\251\213\301\154\325\124\214\145\164\116\052\124\362\133\146\166\204\142\171\122\044}{subsection*.6}% 10
\BOOKMARK [2][-]{subsection*.11}{\376\377\0002\000.\173\024\213\260}{section*.5}% 11
\BOOKMARK [1][-]{section*.12}{\376\377\137\267\214\037\121\113\122\051\162\171\166\204\201\352\161\066\124\362\133\146\124\214\117\012\130\301\236\040\234\201\166\204\201\352\161\066\124\362\133\146\166\204\135\356\122\053\377\010\232\154\121\113\140\035\123\132\130\353\213\272\145\207\377\011}{}% 12
\BOOKMARK [2][-]{subsection*.13}{\376\377\0001\000.\123\237\145\207\202\202\220\011}{section*.12}% 13
\BOOKMARK [3][-]{subsubsection*.14}{\376\377\136\217\212\000}{subsection*.13}% 14
\BOOKMARK [3][-]{subsubsection*.15}{\376\377\173\054\116\000\220\350\122\006\000\040\137\267\214\037\121\113\122\051\162\171\166\204\201\352\161\066\124\362\133\146\124\214\117\012\130\301\236\040\234\201\166\204\201\352\161\066\124\362\133\146\166\204\116\000\202\054\135\356\122\053}{subsection*.13}% 15
\BOOKMARK [3][-]{subsubsection*.16}{\376\377\173\054\116\214\220\350\122\006\000\040\213\272\137\267\214\037\121\113\122\051\162\171\166\204\162\151\164\006\133\146\124\214\117\012\130\301\236\040\234\201\166\204\162\151\164\006\133\146\166\204\121\167\117\123\135\356\122\053}{subsection*.13}% 16
\BOOKMARK [3][-]{subsubsection*.17}{\376\377\145\260\136\217\212\000\377\010\162\107\153\265\377\011}{subsection*.13}% 17
\BOOKMARK [2][-]{subsection*.18}{\376\377\0002\000.\173\024\213\260}{section*.12}% 18
\BOOKMARK [1][-]{section*.19}{\376\377\124\362\133\146\166\204\215\053\126\360}{}% 19
\BOOKMARK [2][-]{subsection*.20}{\376\377\0001\000.\123\237\145\207\202\202\220\011}{section*.19}% 20
\BOOKMARK [3][-]{subsubsection*.21}{\376\377\173\054\116\214\172\340\000\040\145\077\154\273\176\317\155\116\133\146\166\204\137\142\200\014\116\012\133\146}{subsection*.20}% 21
\BOOKMARK [2][-]{subsection*.22}{\376\377\0002\000.\173\024\213\260}{section*.19}% 22
\BOOKMARK [1][-]{section*.23}{\376\377\060\012\145\077\154\273\176\317\155\116\133\146\142\171\122\044\060\013\133\374\212\000}{}% 23
\BOOKMARK [2][-]{subsection*.24}{\376\377\0001\000.\123\237\145\207}{section*.23}% 24
\BOOKMARK [3][-]{subsubsection*.25}{\376\377\0001\000\040\165\037\116\247}{subsection*.24}% 25
\BOOKMARK [3][-]{subsubsection*.26}{\376\377\0002\000\040\165\037\116\247\116\016\122\006\221\115\377\014\116\244\143\142\377\014\155\210\215\071\166\204\116\000\202\054\121\163\174\373}{subsection*.24}% 26
\BOOKMARK [3][-]{subsubsection*.27}{\376\377\0003\000\040\145\077\154\273\176\317\155\116\133\146\166\204\145\271\154\325}{subsection*.24}% 27
\BOOKMARK [3][-]{subsubsection*.28}{\376\377\0004\000\040\165\037\116\247\060\001\165\037\116\247\215\104\145\231\124\214\165\037\116\247\121\163\174\373\060\002\165\037\116\247\121\163\174\373\124\214\116\244\137\200\121\163\174\373\060\002\126\375\133\266\137\142\137\017\124\214\141\017\213\306\137\142\137\017\124\014\165\037\116\247\121\163\174\373\124\214\116\244\137\200\121\163\174\373\166\204\121\163\174\373\060\002\154\325\166\204\121\163\174\373\377\014\133\266\136\255\121\163\174\373\060\002}{subsection*.24}% 28
\BOOKMARK [2][-]{subsection*.29}{\376\377\0002\000.\173\024\213\260}{section*.23}% 29
\BOOKMARK [1][-]{section*.30}{\376\377\060\012\145\077\154\273\176\317\155\116\133\146\142\171\122\044\060\013\136\217\212\000}{}% 30
\BOOKMARK [2][-]{subsection*.31}{\376\377\0001\000.\123\237\145\207}{section*.30}% 31
\BOOKMARK [2][-]{subsection*.32}{\376\377\0002\000.\173\024\213\260}{section*.30}% 32
\BOOKMARK [1][-]{section*.33}{\376\377\226\307\117\143\122\263\122\250\116\016\215\104\147\054}{}% 33
\BOOKMARK [2][-]{subsection*.34}{\376\377\0001\000.\123\237\145\207\202\202\220\011}{section*.33}% 34
\BOOKMARK [2][-]{subsection*.35}{\376\377\0002\000.\173\024\213\260}{section*.33}% 35
\BOOKMARK [1][-]{section*.36}{\376\377\232\154\121\113\140\035\116\073\116\111\176\317\155\116\133\146\166\204\145\160\164\006\122\006\147\220}{}% 36
\BOOKMARK [2][-]{subsection*.37}{\376\377\116\000\202\054\122\051\155\246\163\207\116\013\226\115\211\304\137\213\377\010\000L\000T\000R\000P\000F\377\011}{section*.36}% 37
\BOOKMARK [3][-]{subsubsection*.38}{\376\377\232\154\121\113\140\035\166\204\211\302\160\271}{subsection*.37}% 38
\BOOKMARK [3][-]{subsubsection*.42}{\376\377\177\156\166\320\117\341\226\304\166\204\211\302\160\271\377\032\177\156\166\320\133\232\164\006\151\202\217\360}{subsection*.37}% 39
\BOOKMARK [2][-]{subsection*.43}{\376\377\232\154\121\113\140\035\116\044\220\350\174\173\165\037\116\247\152\041\127\213\166\204\145\160\164\006\123\026\122\006\147\220}{section*.36}% 40
\BOOKMARK [3][-]{subsubsection*.44}{\376\377\0001\000.\173\200\123\125\121\215\165\037\116\247}{subsection*.43}% 41
\BOOKMARK [3][-]{subsubsection*.45}{\376\377\0002\000.\142\151\131\047\121\215\165\037\116\247}{subsection*.43}% 42
\BOOKMARK [2][-]{subsection*.46}{\376\377\217\154\137\142\225\356\230\230}{section*.36}% 43
\BOOKMARK [3][-]{subsubsection*.47}{\376\377\121\231\127\050\122\115\227\142\166\204\213\335}{subsection*.46}% 44
\BOOKMARK [3][-]{subsubsection*.48}{\376\377\116\000\116\052\173\200\167\355\166\204\123\206\123\362\126\336\230\176\377\032\140\151\150\074\145\257\040\034\147\011\131\126\137\201\145\207\172\336\215\133\040\035}{subsection*.46}% 45
